This is pdfTeX, Version 3.141592653-2.6-1.40.24 (MiKTeX 22.10) (preloaded format=pdflatex 2022.11.19)  19 NOV 2022 20:42
entering extended mode
 restricted \write18 enabled.
 %&-line parsing enabled.
**./report.tex
(report.tex
LaTeX2e <2022-06-01> patch level 5
L3 programming layer <2022-09-28>
(C:\Users\Luka\AppData\Local\Programs\MiKTeX\tex/latex/base\article.cls
Document Class: article 2021/10/04 v1.4n Standard LaTeX document class
(C:\Users\Luka\AppData\Local\Programs\MiKTeX\tex/latex/base\size12.clo
File: size12.clo 2021/10/04 v1.4n Standard LaTeX file (size option)
)
\c@part=\count185
\c@section=\count186
\c@subsection=\count187
\c@subsubsection=\count188
\c@paragraph=\count189
\c@subparagraph=\count190
\c@figure=\count191
\c@table=\count192
\abovecaptionskip=\skip47
\belowcaptionskip=\skip48
\bibindent=\dimen138
)
(C:\Users\Luka\AppData\Local\Programs\MiKTeX\tex/latex/base\inputenc.sty
Package: inputenc 2021/02/14 v1.3d Input encoding file
\inpenc@prehook=\toks16
\inpenc@posthook=\toks17
)
(C:\Users\Luka\AppData\Local\Programs\MiKTeX\tex/latex/geometry\geometry.sty
Package: geometry 2020/01/02 v5.9 Page Geometry

(C:\Users\Luka\AppData\Local\Programs\MiKTeX\tex/latex/graphics\keyval.sty
Package: keyval 2022/05/29 v1.15 key=value parser (DPC)
\KV@toks@=\toks18
)
(C:\Users\Luka\AppData\Local\Programs\MiKTeX\tex/generic/iftex\ifvtex.sty
Package: ifvtex 2019/10/25 v1.7 ifvtex legacy package. Use iftex instead.

(C:\Users\Luka\AppData\Local\Programs\MiKTeX\tex/generic/iftex\iftex.sty
Package: iftex 2022/02/03 v1.0f TeX engine tests
))
\Gm@cnth=\count193
\Gm@cntv=\count194
\c@Gm@tempcnt=\count195
\Gm@bindingoffset=\dimen139
\Gm@wd@mp=\dimen140
\Gm@odd@mp=\dimen141
\Gm@even@mp=\dimen142
\Gm@layoutwidth=\dimen143
\Gm@layoutheight=\dimen144
\Gm@layouthoffset=\dimen145
\Gm@layoutvoffset=\dimen146
\Gm@dimlist=\toks19

(C:\Users\Luka\AppData\Local\Programs\MiKTeX\tex/latex/geometry\geometry.cfg))
(C:\Users\Luka\AppData\Local\Programs\MiKTeX\tex/latex/graphics\graphicx.sty
Package: graphicx 2021/09/16 v1.2d Enhanced LaTeX Graphics (DPC,SPQR)

(C:\Users\Luka\AppData\Local\Programs\MiKTeX\tex/latex/graphics\graphics.sty
Package: graphics 2022/03/10 v1.4e Standard LaTeX Graphics (DPC,SPQR)

(C:\Users\Luka\AppData\Local\Programs\MiKTeX\tex/latex/graphics\trig.sty
Package: trig 2021/08/11 v1.11 sin cos tan (DPC)
)
(C:\Users\Luka\AppData\Local\Programs\MiKTeX\tex/latex/graphics-cfg\graphics.cf
g
File: graphics.cfg 2016/06/04 v1.11 sample graphics configuration
)
Package graphics Info: Driver file: pdftex.def on input line 107.

(C:\Users\Luka\AppData\Local\Programs\MiKTeX\tex/latex/graphics-def\pdftex.def
File: pdftex.def 2022/09/22 v1.2b Graphics/color driver for pdftex
\stockwidth=\dimen147
\stockheight=\dimen148
))
\Gin@req@height=\dimen149
\Gin@req@width=\dimen150
) (C:\Users\Luka\AppData\Local\Programs\MiKTeX\tex/latex/booktabs\booktabs.sty
Package: booktabs 2020/01/12 v1.61803398 Publication quality tables
\heavyrulewidth=\dimen151
\lightrulewidth=\dimen152
\cmidrulewidth=\dimen153
\belowrulesep=\dimen154
\belowbottomsep=\dimen155
\aboverulesep=\dimen156
\abovetopsep=\dimen157
\cmidrulesep=\dimen158
\cmidrulekern=\dimen159
\defaultaddspace=\dimen160
\@cmidla=\count196
\@cmidlb=\count197
\@aboverulesep=\dimen161
\@belowrulesep=\dimen162
\@thisruleclass=\count198
\@lastruleclass=\count199
\@thisrulewidth=\dimen163
) (C:\Users\Luka\AppData\Local\Programs\MiKTeX\tex/latex/tools\array.sty
Package: array 2022/03/10 v2.5f Tabular extension package (FMi)
\col@sep=\dimen164
\ar@mcellbox=\box51
\extrarowheight=\dimen165
\NC@list=\toks20
\extratabsurround=\skip49
\backup@length=\skip50
\ar@cellbox=\box52
)
(C:\Users\Luka\AppData\Local\Programs\MiKTeX\tex/latex/paralist\paralist.sty
Package: paralist 2017/01/22 v2.7 Extended list environments
\pltopsep=\skip51
\plpartopsep=\skip52
\plitemsep=\skip53
\plparsep=\skip54
\pl@lab=\toks21
)
(C:\Users\Luka\AppData\Local\Programs\MiKTeX\tex/latex/tools\verbatim.sty
Package: verbatim 2020-07-07 v1.5u LaTeX2e package for verbatim enhancements
\every@verbatim=\toks22
\verbatim@line=\toks23
\verbatim@in@stream=\read2
)
(C:\Users\Luka\AppData\Local\Programs\MiKTeX\tex/latex/subfig\subfig.sty
Package: subfig 2005/06/28 ver: 1.3 subfig package

(C:\Users\Luka\AppData\Local\Programs\MiKTeX\tex/latex/caption\caption.sty
Package: caption 2022/03/01 v3.6b Customizing captions (AR)

(C:\Users\Luka\AppData\Local\Programs\MiKTeX\tex/latex/caption\caption3.sty
Package: caption3 2022/03/17 v2.3b caption3 kernel (AR)
\caption@tempdima=\dimen166
\captionmargin=\dimen167
\caption@leftmargin=\dimen168
\caption@rightmargin=\dimen169
\caption@width=\dimen170
\caption@indent=\dimen171
\caption@parindent=\dimen172
\caption@hangindent=\dimen173
Package caption Info: Standard document class detected.
)
\c@caption@flags=\count266
\c@continuedfloat=\count267
)
\c@KVtest=\count268
\sf@farskip=\skip55
\sf@captopadj=\dimen174
\sf@capskip=\skip56
\sf@nearskip=\skip57
\c@subfigure=\count269
\c@subfigure@save=\count270
\c@lofdepth=\count271
\c@subtable=\count272
\c@subtable@save=\count273
\c@lotdepth=\count274
\sf@top=\skip58
\sf@bottom=\skip59
)
(C:\Users\Luka\AppData\Local\Programs\MiKTeX\tex/latex/fancyhdr\fancyhdr.sty
Package: fancyhdr 2022/11/09 v4.1 Extensive control of page headers and footers

\f@nch@headwidth=\skip60
\f@nch@O@elh=\skip61
\f@nch@O@erh=\skip62
\f@nch@O@olh=\skip63
\f@nch@O@orh=\skip64
\f@nch@O@elf=\skip65
\f@nch@O@erf=\skip66
\f@nch@O@olf=\skip67
\f@nch@O@orf=\skip68
)
(C:\Users\Luka\AppData\Local\Programs\MiKTeX\tex/latex/sectsty\sectsty.sty
Package: sectsty 2002/02/25 v2.0.2 Commands to change all sectional heading sty
les


LaTeX Warning: Command \underbar  has changed.
               Check if current package is valid.


LaTeX Warning: Command \underline  has changed.
               Check if current package is valid.

)
(C:\Users\Luka\AppData\Local\Programs\MiKTeX\tex/latex/tocbibind\tocbibind.sty
Package: tocbibind 2010/10/13 v1.5k extra ToC listings
Package tocbibind Info: The document has section divisions on input line 50.


Package tocbibind Note: Using section or other style headings.

) (C:\Users\Luka\AppData\Local\Programs\MiKTeX\tex/latex/tocloft\tocloft.sty
Package: tocloft 2017/08/31 v2.3i parameterised ToC, etc., typesetting
Package tocloft Info: The document has section divisions on input line 51.
\cftparskip=\skip69
\cftbeforetoctitleskip=\skip70
\cftaftertoctitleskip=\skip71
\cftbeforepartskip=\skip72
\cftpartnumwidth=\skip73
\cftpartindent=\skip74
\cftbeforesecskip=\skip75
\cftsecindent=\skip76
\cftsecnumwidth=\skip77
\cftbeforesubsecskip=\skip78
\cftsubsecindent=\skip79
\cftsubsecnumwidth=\skip80
\cftbeforesubsubsecskip=\skip81
\cftsubsubsecindent=\skip82
\cftsubsubsecnumwidth=\skip83
\cftbeforeparaskip=\skip84
\cftparaindent=\skip85
\cftparanumwidth=\skip86
\cftbeforesubparaskip=\skip87
\cftsubparaindent=\skip88
\cftsubparanumwidth=\skip89
\cftbeforeloftitleskip=\skip90
\cftafterloftitleskip=\skip91
\cftbeforefigskip=\skip92
\cftfigindent=\skip93
\cftfignumwidth=\skip94
\cftbeforelottitleskip=\skip95
\cftafterlottitleskip=\skip96
\cftbeforetabskip=\skip97
\cfttabindent=\skip98
\cfttabnumwidth=\skip99
\cftbeforesubfigskip=\skip100
\cftsubfigindent=\skip101
\cftsubfignumwidth=\skip102
\cftbeforesubtabskip=\skip103
\cftsubtabindent=\skip104
\cftsubtabnumwidth=\skip105
)
(C:\Users\Luka\AppData\Local\Programs\MiKTeX\tex/latex/xcolor\xcolor.sty
Package: xcolor 2022/06/12 v2.14 LaTeX color extensions (UK)

(C:\Users\Luka\AppData\Local\Programs\MiKTeX\tex/latex/graphics-cfg\color.cfg
File: color.cfg 2016/01/02 v1.6 sample color configuration
)
Package xcolor Info: Driver file: pdftex.def on input line 227.

(C:\Users\Luka\AppData\Local\Programs\MiKTeX\tex/latex/graphics\mathcolor.ltx)
Package xcolor Info: Model `cmy' substituted by `cmy0' on input line 1353.
Package xcolor Info: Model `hsb' substituted by `rgb' on input line 1357.
Package xcolor Info: Model `RGB' extended on input line 1369.
Package xcolor Info: Model `HTML' substituted by `rgb' on input line 1371.
Package xcolor Info: Model `Hsb' substituted by `hsb' on input line 1372.
Package xcolor Info: Model `tHsb' substituted by `hsb' on input line 1373.
Package xcolor Info: Model `HSB' substituted by `hsb' on input line 1374.
Package xcolor Info: Model `Gray' substituted by `gray' on input line 1375.
Package xcolor Info: Model `wave' substituted by `hsb' on input line 1376.
) (C:\Users\Luka\AppData\Local\Programs\MiKTeX\tex/latex/parskip\parskip.sty
Package: parskip 2021-03-14 v2.0h non-zero parskip adjustments

(C:\Users\Luka\AppData\Local\Programs\MiKTeX\tex/latex/kvoptions\kvoptions.sty
Package: kvoptions 2022-06-15 v3.15 Key value format for package options (HO)

(C:\Users\Luka\AppData\Local\Programs\MiKTeX\tex/generic/ltxcmds\ltxcmds.sty
Package: ltxcmds 2020-05-10 v1.25 LaTeX kernel commands for general use (HO)
)
(C:\Users\Luka\AppData\Local\Programs\MiKTeX\tex/latex/kvsetkeys\kvsetkeys.sty
Package: kvsetkeys 2022-10-05 v1.19 Key value parser (HO)
)) (C:\Users\Luka\AppData\Local\Programs\MiKTeX\tex/latex/etoolbox\etoolbox.sty
Package: etoolbox 2020/10/05 v2.5k e-TeX tools for LaTeX (JAW)
\etb@tempcnta=\count275
))
(C:\Users\Luka\AppData\Local\Programs\MiKTeX\tex/latex/l3backend\l3backend-pdft
ex.def
File: l3backend-pdftex.def 2022-09-28 L3 backend support: PDF output (pdfTeX)
\l__color_backend_stack_int=\count276
\l__pdf_internal_box=\box53
) (report.aux)
\openout1 = `report.aux'.

LaTeX Font Info:    Checking defaults for OML/cmm/m/it on input line 52.
LaTeX Font Info:    ... okay on input line 52.
LaTeX Font Info:    Checking defaults for OMS/cmsy/m/n on input line 52.
LaTeX Font Info:    ... okay on input line 52.
LaTeX Font Info:    Checking defaults for OT1/cmr/m/n on input line 52.
LaTeX Font Info:    ... okay on input line 52.
LaTeX Font Info:    Checking defaults for T1/cmr/m/n on input line 52.
LaTeX Font Info:    ... okay on input line 52.
LaTeX Font Info:    Checking defaults for TS1/cmr/m/n on input line 52.
LaTeX Font Info:    ... okay on input line 52.
LaTeX Font Info:    Checking defaults for OMX/cmex/m/n on input line 52.
LaTeX Font Info:    ... okay on input line 52.
LaTeX Font Info:    Checking defaults for U/cmr/m/n on input line 52.
LaTeX Font Info:    ... okay on input line 52.

*geometry* driver: auto-detecting
*geometry* detected driver: pdftex
*geometry* verbose mode - [ preamble ] result:
* driver: pdftex
* paper: a4paper
* layout: <same size as paper>
* layoutoffset:(h,v)=(0.0pt,0.0pt)
* modes: 
* h-part:(L,W,R)=(56.9055pt, 483.69687pt, 56.9055pt)
* v-part:(T,H,B)=(56.9055pt, 731.23584pt, 56.9055pt)
* \paperwidth=597.50787pt
* \paperheight=845.04684pt
* \textwidth=483.69687pt
* \textheight=731.23584pt
* \oddsidemargin=-15.36449pt
* \evensidemargin=-15.36449pt
* \topmargin=-52.36449pt
* \headheight=12.0pt
* \headsep=25.0pt
* \topskip=12.0pt
* \footskip=30.0pt
* \marginparwidth=44.0pt
* \marginparsep=10.0pt
* \columnsep=10.0pt
* \skip\footins=10.8pt plus 4.0pt minus 2.0pt
* \hoffset=0.0pt
* \voffset=0.0pt
* \mag=1000
* \@twocolumnfalse
* \@twosidefalse
* \@mparswitchfalse
* \@reversemarginfalse
* (1in=72.27pt=25.4mm, 1cm=28.453pt)


(C:\Users\Luka\AppData\Local\Programs\MiKTeX\tex/context/base/mkii\supp-pdf.mki
i
[Loading MPS to PDF converter (version 2006.09.02).]
\scratchcounter=\count277
\scratchdimen=\dimen175
\scratchbox=\box54
\nofMPsegments=\count278
\nofMParguments=\count279
\everyMPshowfont=\toks24
\MPscratchCnt=\count280
\MPscratchDim=\dimen176
\MPnumerator=\count281
\makeMPintoPDFobject=\count282
\everyMPtoPDFconversion=\toks25
)
(C:\Users\Luka\AppData\Local\Programs\MiKTeX\tex/latex/epstopdf-pkg\epstopdf-ba
se.sty
Package: epstopdf-base 2020-01-24 v2.11 Base part for package epstopdf
Package epstopdf-base Info: Redefining graphics rule for `.eps' on input line 4
85.

(C:\Users\Luka\AppData\Local\Programs\MiKTeX\tex/latex/00miktex\epstopdf-sys.cf
g
File: epstopdf-sys.cfg 2021/03/18 v2.0 Configuration of epstopdf for MiKTeX
))
Package caption Info: Begin \AtBeginDocument code.
Package caption Info: subfig package v1.3 is loaded.
Package caption Info: End \AtBeginDocument code.
LaTeX Font Info:    External font `cmex10' loaded for size
(Font)              <14.4> on input line 53.
LaTeX Font Info:    External font `cmex10' loaded for size
(Font)              <7> on input line 53.
<./images//bigMaze.png, id=1, 564.60938pt x 567.62062pt>
File: ./images//bigMaze.png Graphic file (type png)
<use ./images//bigMaze.png>
Package pdftex.def Info: ./images//bigMaze.png  used on input line 55.
(pdftex.def)             Requested size: 423.45598pt x 425.7144pt.
 [1

{C:/Users/Luka/AppData/Local/MiKTeX/fonts/map/pdftex/pdftex.map} <./images//big
Maze.png>]
<./images//stringToData.png, id=11, 459.96844pt x 458.46281pt>
File: ./images//stringToData.png Graphic file (type png)
<use ./images//stringToData.png>
Package pdftex.def Info: ./images//stringToData.png  used on input line 69.
(pdftex.def)             Requested size: 459.96732pt x 458.46169pt.
<./images//fitnessFunction.png, id=12, 549.55313pt x 509.65407pt>
File: ./images//fitnessFunction.png Graphic file (type png)
<use ./images//fitnessFunction.png>
Package pdftex.def Info: ./images//fitnessFunction.png  used on input line 75.
(pdftex.def)             Requested size: 549.55179pt x 509.65282pt.

Overfull \hbox (65.85492pt too wide) in paragraph at lines 75--76
[][] 
 []

[2 <./images//stringToData.png>]
<./images//randomSelection.png, id=17, 331.2375pt x 149.8097pt>
File: ./images//randomSelection.png Graphic file (type png)
<use ./images//randomSelection.png>
Package pdftex.def Info: ./images//randomSelection.png  used on input line 86.
(pdftex.def)             Requested size: 331.23668pt x 149.80931pt.
 [3 <./images//fitnessFunction.png>]
<./images//linearSelection.png, id=23, 508.14844pt x 207.77625pt>
File: ./images//linearSelection.png Graphic file (type png)
<use ./images//linearSelection.png>
Package pdftex.def Info: ./images//linearSelection.png  used on input line 91.
(pdftex.def)             Requested size: 508.14719pt x 207.77573pt.

Overfull \hbox (24.45032pt too wide) in paragraph at lines 91--92
[][] 
 []

<./images//pickARandomParentCrossover.png, id=24, 496.85625pt x 243.91125pt>
File: ./images//pickARandomParentCrossover.png Graphic file (type png)
<use ./images//pickARandomParentCrossover.png>
Package pdftex.def Info: ./images//pickARandomParentCrossover.png  used on inpu
t line 101.
(pdftex.def)             Requested size: 496.85503pt x 243.91064pt.

Overfull \hbox (13.15816pt too wide) in paragraph at lines 101--102
[][] 
 []

[4 <./images//randomSelection.png> <./images//linearSelection.png>]
<./images//randomMutation.png, id=30, 304.13625pt x 82.05656pt>
File: ./images//randomMutation.png Graphic file (type png)
<use ./images//randomMutation.png>
Package pdftex.def Info: ./images//randomMutation.png  used on input line 114.
(pdftex.def)             Requested size: 304.1355pt x 82.05635pt.
<./images//randomMovePathCorrectionMutation1.png, id=31, 505.13719pt x 550.3059
4pt>
File: ./images//randomMovePathCorrectionMutation1.png Graphic file (type png)
<use ./images//randomMovePathCorrectionMutation1.png>
Package pdftex.def Info: ./images//randomMovePathCorrectionMutation1.png  used 
on input line 120.
(pdftex.def)             Requested size: 505.13596pt x 550.3046pt.
<./images//randomMovePathCorrectionMutation2.png, id=32, 614.295pt x 556.32843p
t>
File: ./images//randomMovePathCorrectionMutation2.png Graphic file (type png)
<use ./images//randomMovePathCorrectionMutation2.png>
Package pdftex.def Info: ./images//randomMovePathCorrectionMutation2.png  used 
on input line 121.
(pdftex.def)             Requested size: 614.29349pt x 556.32707pt.
<./images//randomMovePathCorrectionMutation3.png, id=33, 517.18219pt x 355.3275
pt>
File: ./images//randomMovePathCorrectionMutation3.png Graphic file (type png)
<use ./images//randomMovePathCorrectionMutation3.png>
Package pdftex.def Info: ./images//randomMovePathCorrectionMutation3.png  used 
on input line 122.
(pdftex.def)             Requested size: 517.18092pt x 355.32661pt.

Overfull \hbox (21.43909pt too wide) in paragraph at lines 120--123
[][]
 []


Overfull \hbox (130.59662pt too wide) in paragraph at lines 120--123
[]
 []


Overfull \hbox (33.48405pt too wide) in paragraph at lines 120--123
[] 
 []

[5 <./images//pickARandomParentCrossover.png> <./images//randomMutation.png>]
[6 <./images//randomMovePathCorrectionMutation1.png>] [7 <./images//randomMoveP
athCorrectionMutation2.png>]
<./images//removeUnNeccesaryMovesMutation.png, id=48, 414.79968pt x 356.0803pt>

File: ./images//removeUnNeccesaryMovesMutation.png Graphic file (type png)
<use ./images//removeUnNeccesaryMovesMutation.png>
Package pdftex.def Info: ./images//removeUnNeccesaryMovesMutation.png  used on 
input line 128.
(pdftex.def)             Requested size: 414.79868pt x 356.07944pt.
 [8 <./images//randomMovePathCorrectionMutation3.png>]
<./images//generationRandomInitialPopulation.png, id=53, 240.14719pt x 64.74188
pt>
File: ./images//generationRandomInitialPopulation.png Graphic file (type png)
<use ./images//generationRandomInitialPopulation.png>
Package pdftex.def Info: ./images//generationRandomInitialPopulation.png  used 
on input line 135.
(pdftex.def)             Requested size: 240.14658pt x 64.74171pt.
<./images//generationRandomInitialPopulationAvoidWalls.png, id=54, 406.51875pt 
x 374.90062pt>
File: ./images//generationRandomInitialPopulationAvoidWalls.png Graphic file (t
ype png)
<use ./images//generationRandomInitialPopulationAvoidWalls.png>
Package pdftex.def Info: ./images//generationRandomInitialPopulationAvoidWalls.
png  used on input line 140.
(pdftex.def)             Requested size: 406.51775pt x 374.8997pt.
 [9 <./images//removeUnNeccesaryMovesMutation.png> <./images//generationRandomI
nitialPopulation.png>]
<./images//maze1.png, id=60, 599.23875pt x 596.98032pt>
File: ./images//maze1.png Graphic file (type png)
<use ./images//maze1.png>
Package pdftex.def Info: ./images//maze1.png  used on input line 147.
(pdftex.def)             Requested size: 359.54602pt x 358.19095pt.
 [10 <./images//generationRandomInitialPopulationAvoidWalls.png>]
<./images//maze2.png, id=65, 595.47469pt x 594.72188pt>
File: ./images//maze2.png Graphic file (type png)
<use ./images//maze2.png>
Package pdftex.def Info: ./images//maze2.png  used on input line 149.
(pdftex.def)             Requested size: 357.28755pt x 356.83588pt.
<./images//maze3.png, id=66, 595.47469pt x 596.98032pt>
File: ./images//maze3.png Graphic file (type png)
<use ./images//maze3.png>
Package pdftex.def Info: ./images//maze3.png  used on input line 151.
(pdftex.def)             Requested size: 357.28755pt x 358.19095pt.
 [11 <./images//maze1.png> <./images//maze2.png>]
<./images//maze4.png, id=72, 596.2275pt x 594.72188pt>
File: ./images//maze4.png Graphic file (type png)
<use ./images//maze4.png>
Package pdftex.def Info: ./images//maze4.png  used on input line 153.
(pdftex.def)             Requested size: 357.73926pt x 356.83588pt.
<./images//maze5.png, id=73, 591.71063pt x 590.95781pt>
File: ./images//maze5.png Graphic file (type png)
<use ./images//maze5.png>
Package pdftex.def Info: ./images//maze5.png  used on input line 155.
(pdftex.def)             Requested size: 355.02911pt x 354.57741pt.
 [12 <./images//maze3.png> <./images//maze4.png>]
<./images//maze6.png, id=79, 587.94656pt x 587.94656pt>
File: ./images//maze6.png Graphic file (type png)
<use ./images//maze6.png>
Package pdftex.def Info: ./images//maze6.png  used on input line 157.
(pdftex.def)             Requested size: 352.77066pt x 352.77066pt.
<./images//maze7.png, id=80, 595.47469pt x 596.2275pt>
File: ./images//maze7.png Graphic file (type png)
<use ./images//maze7.png>
Package pdftex.def Info: ./images//maze7.png  used on input line 159.
(pdftex.def)             Requested size: 357.28755pt x 357.73926pt.
 [13 <./images//maze5.png> <./images//maze6.png>]
<./images//maze8.png, id=87, 593.21625pt x 591.71063pt>
File: ./images//maze8.png Graphic file (type png)
<use ./images//maze8.png>
Package pdftex.def Info: ./images//maze8.png  used on input line 161.
(pdftex.def)             Requested size: 355.9325pt x 355.02911pt.
<./images//maze9.png, id=88, 589.4522pt x 591.71063pt>
File: ./images//maze9.png Graphic file (type png)
<use ./images//maze9.png>
Package pdftex.def Info: ./images//maze9.png  used on input line 163.
(pdftex.def)             Requested size: 353.67404pt x 355.02911pt.
[14 <./images//maze7.png> <./images//maze8.png>]
<./images//maze10.png, id=94, 593.96906pt x 589.4522pt>
File: ./images//maze10.png Graphic file (type png)
<use ./images//maze10.png>
Package pdftex.def Info: ./images//maze10.png  used on input line 165.
(pdftex.def)             Requested size: 356.38419pt x 353.67404pt.
<./images//maze11.png, id=95, 593.21625pt x 595.47469pt>
File: ./images//maze11.png Graphic file (type png)
<use ./images//maze11.png>
Package pdftex.def Info: ./images//maze11.png  used on input line 167.
(pdftex.def)             Requested size: 355.9325pt x 357.28755pt.
 [15 <./images//maze9.png> <./images//maze10.png>]
File: ./images//bigMaze.png Graphic file (type png)
<use ./images//bigMaze.png>
Package pdftex.def Info: ./images//bigMaze.png  used on input line 169.
(pdftex.def)             Requested size: 338.76823pt x 340.57498pt.
 [16 <./images//maze11.png>] [17] (report.aux) ) 
Here is how much of TeX's memory you used:
 5868 strings out of 475385
 103331 string characters out of 2777378
 451859 words of memory out of 3000000
 27204 multiletter control sequences out of 15000+600000
 473791 words of font info for 43 fonts, out of 8000000 for 9000
 1141 hyphenation exceptions out of 8191
 69i,12n,79p,501b,267s stack positions out of 10000i,1000n,20000p,200000b,80000s
<C:/Users/Luka/AppData/Local/Pr
ograms/MiKTeX/fonts/type1/public/amsfonts/cm/cmr12.pfb><C:/Users/Luka/AppData/L
ocal/Programs/MiKTeX/fonts/type1/public/amsfonts/cm/cmr17.pfb><C:/Users/Luka/Ap
pData/Local/Programs/MiKTeX/fonts/type1/public/amsfonts/cm/cmss12.pfb><C:/Users
/Luka/AppData/Local/Programs/MiKTeX/fonts/type1/public/amsfonts/cm/cmss17.pfb>
Output written on report.pdf (17 pages, 414784 bytes).
PDF statistics:
 126 PDF objects out of 1000 (max. 8388607)
 0 named destinations out of 1000 (max. 500000)
 121 words of extra memory for PDF output out of 10000 (max. 10000000)

